2025-08-22 18:42:00 | DEBUG | repo=pv243-a4m36jee-2016-security-seminar | action=pull
2025-04-15 12:56:00 | DEBUG | repo=pv243-a4m36jee-2016-security-seminar | action=commit
2025-05-21 13:36:00 | DEBUG | repo=pv243-a4m36jee-2016-security-seminar | action=edit | files=1
2025-06-16 11:48:00 | INFO | repo=pv243-a4m36jee-2016-security-seminar | action=commit
2025-03-04 20:18:00 | DEBUG | repo=pv243-a4m36jee-2016-security-seminar | action=commit
2025-06-01 17:47:00 | INFO | repo=pv243-a4m36jee-2016-security-seminar | action=pull
2025-04-12 09:46:00 | INFO | repo=pv243-a4m36jee-2016-security-seminar | action=edit | files=5
2025-06-05 07:15:00 | DEBUG | repo=pv243-a4m36jee-2016-security-seminar | action=commit
2025-05-03 20:12:00 | WARN | repo=pv243-a4m36jee-2016-security-seminar | action=test | passed=true
2025-06-20 20:40:00 | WARN | repo=pv243-a4m36jee-2016-security-seminar | action=test | passed=true
2025-10-06 21:48:00 | WARN | repo=pv243-a4m36jee-2016-security-seminar | action=commit
2025-08-23 12:24:00 | WARN | repo=pv243-a4m36jee-2016-security-seminar | action=commit
2025-10-16 18:59:00 | DEBUG | repo=pv243-a4m36jee-2016-security-seminar | action=commit
2025-06-10 14:41:00 | INFO | repo=pv243-a4m36jee-2016-security-seminar | action=commit
2025-02-28 09:23:00 | DEBUG | repo=pv243-a4m36jee-2016-security-seminar | action=edit | files=1
2025-11-12 18:41:00 | DEBUG | repo=pv243-a4m36jee-2016-security-seminar | action=commit
2025-06-25 08:55:00 | WARN | repo=pv243-a4m36jee-2016-security-seminar | action=test | passed=true
2025-01-24 07:53:00 | DEBUG | repo=pv243-a4m36jee-2016-security-seminar | action=commit
2025-07-07 16:54:00 | DEBUG | repo=pv243-a4m36jee-2016-security-seminar | action=test | passed=true
2025-11-27 07:37:00 | WARN | repo=pv243-a4m36jee-2016-security-seminar | action=edit | files=5
2025-05-10 10:20:00 | DEBUG | repo=pv243-a4m36jee-2016-security-seminar | action=commit
2025-07-19 17:53:00 | DEBUG | repo=pv243-a4m36jee-2016-security-seminar | action=test | passed=true
2025-01-26 19:34:00 | INFO | repo=pv243-a4m36jee-2016-security-seminar | action=commit
2025-09-11 08:53:00 | INFO | repo=pv243-a4m36jee-2016-security-seminar | action=edit | files=3
2025-02-15 07:04:00 | DEBUG | repo=pv243-a4m36jee-2016-security-seminar | action=pull
2025-08-28 16:55:00 | INFO | repo=pv243-a4m36jee-2016-security-seminar | action=commit
2025-08-06 13:37:00 | INFO | repo=pv243-a4m36jee-2016-security-seminar | action=commit
2025-12-11 14:56:00 | WARN | repo=pv243-a4m36jee-2016-security-seminar | action=commit
2025-01-18 12:20:00 | WARN | repo=pv243-a4m36jee-2016-security-seminar | action=test | passed=true
2025-11-13 10:00:00 | INFO | repo=pv243-a4m36jee-2016-security-seminar | action=commit
2025-05-08 18:40:00 | INFO | repo=pv243-a4m36jee-2016-security-seminar | action=test | passed=true
2025-09-24 09:12:00 | INFO | repo=pv243-a4m36jee-2016-security-seminar | action=pull
2025-10-08 07:26:00 | INFO | repo=pv243-a4m36jee-2016-security-seminar | action=test | passed=true
2025-01-14 11:09:00 | DEBUG | repo=pv243-a4m36jee-2016-security-seminar | action=pull
2025-10-28 13:46:00 | INFO | repo=pv243-a4m36jee-2016-security-seminar | action=test | passed=true
2025-11-13 18:46:00 | WARN | repo=pv243-a4m36jee-2016-security-seminar | action=commit
2025-08-01 07:03:00 | DEBUG | repo=pv243-a4m36jee-2016-security-seminar | action=commit
2025-09-21 21:16:00 | DEBUG | repo=pv243-a4m36jee-2016-security-seminar | action=commit
2025-12-02 21:03:00 | WARN | repo=pv243-a4m36jee-2016-security-seminar | action=commit
2025-09-07 07:51:00 | WARN | repo=pv243-a4m36jee-2016-security-seminar | action=commit
2025-09-27 10:24:00 | DEBUG | repo=pv243-a4m36jee-2016-security-seminar | action=commit
2025-11-25 20:53:00 | DEBUG | repo=pv243-a4m36jee-2016-security-seminar | action=pull
2025-04-10 08:22:00 | DEBUG | repo=pv243-a4m36jee-2016-security-seminar | action=commit
2025-02-01 08:59:00 | WARN | repo=pv243-a4m36jee-2016-security-seminar | action=commit
2025-04-07 21:45:00 | WARN | repo=pv243-a4m36jee-2016-security-seminar | action=commit
2025-07-05 14:28:00 | WARN | repo=pv243-a4m36jee-2016-security-seminar | action=edit | files=3
2025-05-22 16:28:00 | DEBUG | repo=pv243-a4m36jee-2016-security-seminar | action=edit | files=1
2025-07-06 17:20:00 | DEBUG | repo=pv243-a4m36jee-2016-security-seminar | action=commit
2025-04-23 07:31:00 | DEBUG | repo=pv243-a4m36jee-2016-security-seminar | action=pull
2025-03-07 14:14:00 | DEBUG | repo=pv243-a4m36jee-2016-security-seminar | action=pull
2025-11-15 07:59:00 | INFO | repo=pv243-a4m36jee-2016-security-seminar | action=test | passed=true
2025-03-28 16:19:00 | INFO | repo=pv243-a4m36jee-2016-security-seminar | action=edit | files=4
2025-07-06 10:17:00 | WARN | repo=pv243-a4m36jee-2016-security-seminar | action=commit
2025-04-06 13:11:00 | WARN | repo=pv243-a4m36jee-2016-security-seminar | action=commit
2025-10-26 16:48:00 | DEBUG | repo=pv243-a4m36jee-2016-security-seminar | action=commit
2025-04-28 19:16:00 | WARN | repo=pv243-a4m36jee-2016-security-seminar | action=commit
2025-04-08 17:01:00 | INFO | repo=pv243-a4m36jee-2016-security-seminar | action=test | passed=true
2025-12-21 13:55:00 | INFO | repo=pv243-a4m36jee-2016-security-seminar | action=commit
2025-06-05 17:12:00 | DEBUG | repo=pv243-a4m36jee-2016-security-seminar | action=pull
2025-09-21 18:56:00 | WARN | repo=pv243-a4m36jee-2016-security-seminar | action=commit
2025-09-18 19:54:00 | DEBUG | repo=pv243-a4m36jee-2016-security-seminar | action=commit
2025-04-26 19:20:00 | WARN | repo=pv243-a4m36jee-2016-security-seminar | action=pull
2025-10-05 10:02:00 | DEBUG | repo=pv243-a4m36jee-2016-security-seminar | action=pull
2025-03-07 08:37:00 | DEBUG | repo=pv243-a4m36jee-2016-security-seminar | action=commit
2025-07-08 07:16:00 | DEBUG | repo=pv243-a4m36jee-2016-security-seminar | action=commit
2025-11-10 09:59:00 | INFO | repo=pv243-a4m36jee-2016-security-seminar | action=commit
2025-06-19 07:30:00 | DEBUG | repo=pv243-a4m36jee-2016-security-seminar | action=commit
2025-11-19 20:07:00 | INFO | repo=pv243-a4m36jee-2016-security-seminar | action=commit
2025-11-03 18:24:00 | DEBUG | repo=pv243-a4m36jee-2016-security-seminar | action=commit
2025-04-02 19:08:00 | WARN | repo=pv243-a4m36jee-2016-security-seminar | action=commit
2025-10-06 21:59:00 | DEBUG | repo=pv243-a4m36jee-2016-security-seminar | action=commit
2025-12-10 09:58:00 | INFO | repo=pv243-a4m36jee-2016-security-seminar | action=commit
2025-10-09 13:55:00 | INFO | repo=pv243-a4m36jee-2016-security-seminar | action=commit
2025-10-03 20:37:00 | DEBUG | repo=pv243-a4m36jee-2016-security-seminar | action=pull
2025-12-20 09:09:00 | DEBUG | repo=pv243-a4m36jee-2016-security-seminar | action=commit
2025-07-26 21:41:00 | WARN | repo=pv243-a4m36jee-2016-security-seminar | action=commit
2025-06-03 13:52:00 | WARN | repo=pv243-a4m36jee-2016-security-seminar | action=edit | files=3
2025-07-14 07:13:00 | DEBUG | repo=pv243-a4m36jee-2016-security-seminar | action=commit
2025-07-25 12:45:00 | INFO | repo=pv243-a4m36jee-2016-security-seminar | action=commit
2025-09-13 19:42:00 | DEBUG | repo=pv243-a4m36jee-2016-security-seminar | action=commit
2025-12-07 19:40:00 | WARN | repo=pv243-a4m36jee-2016-security-seminar | action=commit
2025-07-03 15:37:00 | INFO | repo=pv243-a4m36jee-2016-security-seminar | action=pull
2025-12-14 07:57:00 | WARN | repo=pv243-a4m36jee-2016-security-seminar | action=commit
2025-03-26 20:00:00 | DEBUG | repo=pv243-a4m36jee-2016-security-seminar | action=commit
2025-02-16 09:37:00 | WARN | repo=pv243-a4m36jee-2016-security-seminar | action=pull
2025-12-18 18:09:00 | INFO | repo=pv243-a4m36jee-2016-security-seminar | action=edit | files=2
2025-10-09 09:41:00 | DEBUG | repo=pv243-a4m36jee-2016-security-seminar | action=commit
2025-10-23 18:24:00 | WARN | repo=pv243-a4m36jee-2016-security-seminar | action=commit
2025-02-12 10:24:00 | WARN | repo=pv243-a4m36jee-2016-security-seminar | action=commit
2025-01-01 18:18:00 | DEBUG | repo=pv243-a4m36jee-2016-security-seminar | action=commit
2025-02-02 16:08:00 | INFO | repo=pv243-a4m36jee-2016-security-seminar | action=test | passed=true
2025-01-11 07:13:00 | INFO | repo=pv243-a4m36jee-2016-security-seminar | action=pull
2025-12-05 19:33:00 | WARN | repo=pv243-a4m36jee-2016-security-seminar | action=commit
2025-01-25 18:42:00 | INFO | repo=pv243-a4m36jee-2016-security-seminar | action=commit
2025-08-24 14:42:00 | INFO | repo=pv243-a4m36jee-2016-security-seminar | action=commit
2025-10-13 17:27:00 | DEBUG | repo=pv243-a4m36jee-2016-security-seminar | action=commit
2025-07-28 19:02:00 | INFO | repo=pv243-a4m36jee-2016-security-seminar | action=commit
2025-07-27 10:53:00 | DEBUG | repo=pv243-a4m36jee-2016-security-seminar | action=pull
2025-12-19 07:57:00 | INFO | repo=pv243-a4m36jee-2016-security-seminar | action=test | passed=true
2025-08-17 16:21:00 | DEBUG | repo=pv243-a4m36jee-2016-security-seminar | action=commit
2025-08-23 08:39:00 | DEBUG | repo=pv243-a4m36jee-2016-security-seminar | action=commit
2025-01-08 07:30:00 | WARN | repo=pv243-a4m36jee-2016-security-seminar | action=test | passed=true
2025-07-07 08:37:00 | INFO | repo=pv243-a4m36jee-2016-security-seminar | action=commit
2025-01-14 13:35:00 | WARN | repo=pv243-a4m36jee-2016-security-seminar | action=commit
2025-06-21 12:28:00 | DEBUG | repo=pv243-a4m36jee-2016-security-seminar | action=commit
